<?xml version="1.0" encoding="UTF-8"?>
<!-- Generated by org.testng.reporters.JUnitReportReporter -->
<testsuite hostname="THOTAV3-TL1" failures="0" tests="4" name="org.automation.testcases.TC_02_ValidateRegistrationFunctionality" time="71.342" errors="0" timestamp="23 Jul 2021 02:40:35 GMT" skipped="0">
  <testcase classname="org.automation.testcases.TC_02_ValidateRegistrationFunctionality" name="TC_02_ValidateRegistrationFunctionality" time="22.130"/>
  <testcase classname="org.automation.testcases.TC_02_ValidateRegistrationFunctionality" name="TC_02_ValidateRegistrationFunctionality" time="15.785"/>
  <testcase classname="org.automation.testcases.TC_02_ValidateRegistrationFunctionality" name="TC_02_ValidateRegistrationFunctionality" time="14.603"/>
  <testcase classname="org.automation.testcases.TC_02_ValidateRegistrationFunctionality" name="TC_02_ValidateRegistrationFunctionality" time="18.824"/>
</testsuite> <!-- org.automation.testcases.TC_02_ValidateRegistrationFunctionality -->
